{"total": {"lines":{"total":288,"covered":286,"skipped":0,"pct":99.31},"statements":{"total":319,"covered":315,"skipped":0,"pct":98.75},"functions":{"total":45,"covered":43,"skipped":0,"pct":95.56},"branches":{"total":129,"covered":122,"skipped":0,"pct":94.57}}
,"/Users/andrew/workspace/ds-algrms/DataStructures/BST/index.js": {"lines":{"total":12,"covered":12,"skipped":0,"pct":100},"functions":{"total":2,"covered":2,"skipped":0,"pct":100},"statements":{"total":12,"covered":12,"skipped":0,"pct":100},"branches":{"total":6,"covered":6,"skipped":0,"pct":100}}
,"/Users/andrew/workspace/ds-algrms/DataStructures/LinkedList/index.js": {"lines":{"total":75,"covered":75,"skipped":0,"pct":100},"functions":{"total":12,"covered":10,"skipped":0,"pct":83.33},"statements":{"total":79,"covered":77,"skipped":0,"pct":97.47},"branches":{"total":28,"covered":25,"skipped":0,"pct":89.29}}
,"/Users/andrew/workspace/ds-algrms/DataStructures/Node/index.js": {"lines":{"total":3,"covered":3,"skipped":0,"pct":100},"functions":{"total":1,"covered":1,"skipped":0,"pct":100},"statements":{"total":3,"covered":3,"skipped":0,"pct":100},"branches":{"total":1,"covered":0,"skipped":0,"pct":0}}
,"/Users/andrew/workspace/ds-algrms/challenges/anagrams/index.js": {"lines":{"total":12,"covered":12,"skipped":0,"pct":100},"functions":{"total":1,"covered":1,"skipped":0,"pct":100},"statements":{"total":13,"covered":13,"skipped":0,"pct":100},"branches":{"total":8,"covered":8,"skipped":0,"pct":100}}
,"/Users/andrew/workspace/ds-algrms/challenges/char-count/index.js": {"lines":{"total":6,"covered":6,"skipped":0,"pct":100},"functions":{"total":1,"covered":1,"skipped":0,"pct":100},"statements":{"total":6,"covered":6,"skipped":0,"pct":100},"branches":{"total":2,"covered":2,"skipped":0,"pct":100}}
,"/Users/andrew/workspace/ds-algrms/challenges/closest-bst/index.js": {"lines":{"total":36,"covered":36,"skipped":0,"pct":100},"functions":{"total":4,"covered":4,"skipped":0,"pct":100},"statements":{"total":38,"covered":38,"skipped":0,"pct":100},"branches":{"total":24,"covered":24,"skipped":0,"pct":100}}
,"/Users/andrew/workspace/ds-algrms/challenges/closest-bst/setup.js": {"lines":{"total":3,"covered":3,"skipped":0,"pct":100},"functions":{"total":0,"covered":0,"skipped":0,"pct":100},"statements":{"total":3,"covered":3,"skipped":0,"pct":100},"branches":{"total":0,"covered":0,"skipped":0,"pct":100}}
,"/Users/andrew/workspace/ds-algrms/challenges/convert-to-roman-numeral/index.js": {"lines":{"total":8,"covered":8,"skipped":0,"pct":100},"functions":{"total":1,"covered":1,"skipped":0,"pct":100},"statements":{"total":8,"covered":8,"skipped":0,"pct":100},"branches":{"total":0,"covered":0,"skipped":0,"pct":100}}
,"/Users/andrew/workspace/ds-algrms/challenges/depth-first-search/index.js": {"lines":{"total":9,"covered":9,"skipped":0,"pct":100},"functions":{"total":3,"covered":3,"skipped":0,"pct":100},"statements":{"total":9,"covered":9,"skipped":0,"pct":100},"branches":{"total":0,"covered":0,"skipped":0,"pct":100}}
,"/Users/andrew/workspace/ds-algrms/challenges/find-sum/index.js": {"lines":{"total":16,"covered":16,"skipped":0,"pct":100},"functions":{"total":2,"covered":2,"skipped":0,"pct":100},"statements":{"total":16,"covered":16,"skipped":0,"pct":100},"branches":{"total":4,"covered":4,"skipped":0,"pct":100}}
,"/Users/andrew/workspace/ds-algrms/challenges/index-of/index.js": {"lines":{"total":19,"covered":19,"skipped":0,"pct":100},"functions":{"total":2,"covered":2,"skipped":0,"pct":100},"statements":{"total":25,"covered":25,"skipped":0,"pct":100},"branches":{"total":20,"covered":20,"skipped":0,"pct":100}}
,"/Users/andrew/workspace/ds-algrms/challenges/length-of-longest-substring/index.js": {"lines":{"total":12,"covered":12,"skipped":0,"pct":100},"functions":{"total":1,"covered":1,"skipped":0,"pct":100},"statements":{"total":14,"covered":14,"skipped":0,"pct":100},"branches":{"total":4,"covered":4,"skipped":0,"pct":100}}
,"/Users/andrew/workspace/ds-algrms/challenges/maximum-sum/index.js": {"lines":{"total":20,"covered":20,"skipped":0,"pct":100},"functions":{"total":2,"covered":2,"skipped":0,"pct":100},"statements":{"total":26,"covered":26,"skipped":0,"pct":100},"branches":{"total":6,"covered":6,"skipped":0,"pct":100}}
,"/Users/andrew/workspace/ds-algrms/challenges/merge-sorted-arrays/index.js": {"lines":{"total":19,"covered":18,"skipped":0,"pct":94.74},"functions":{"total":5,"covered":5,"skipped":0,"pct":100},"statements":{"total":21,"covered":20,"skipped":0,"pct":95.24},"branches":{"total":8,"covered":6,"skipped":0,"pct":75}}
,"/Users/andrew/workspace/ds-algrms/challenges/merge-sorted-list/index.js": {"lines":{"total":16,"covered":15,"skipped":0,"pct":93.75},"functions":{"total":2,"covered":2,"skipped":0,"pct":100},"statements":{"total":16,"covered":15,"skipped":0,"pct":93.75},"branches":{"total":6,"covered":5,"skipped":0,"pct":83.33}}
,"/Users/andrew/workspace/ds-algrms/challenges/repeated-substring/index.js": {"lines":{"total":7,"covered":7,"skipped":0,"pct":100},"functions":{"total":1,"covered":1,"skipped":0,"pct":100},"statements":{"total":10,"covered":10,"skipped":0,"pct":100},"branches":{"total":4,"covered":4,"skipped":0,"pct":100}}
,"/Users/andrew/workspace/ds-algrms/challenges/squares-sorted-array/index.js": {"lines":{"total":2,"covered":2,"skipped":0,"pct":100},"functions":{"total":3,"covered":3,"skipped":0,"pct":100},"statements":{"total":4,"covered":4,"skipped":0,"pct":100},"branches":{"total":0,"covered":0,"skipped":0,"pct":100}}
,"/Users/andrew/workspace/ds-algrms/challenges/unique-values/index.js": {"lines":{"total":13,"covered":13,"skipped":0,"pct":100},"functions":{"total":2,"covered":2,"skipped":0,"pct":100},"statements":{"total":16,"covered":16,"skipped":0,"pct":100},"branches":{"total":8,"covered":8,"skipped":0,"pct":100}}
}
