{"total": {"lines":{"total":205,"covered":196,"skipped":0,"pct":95.61},"statements":{"total":223,"covered":212,"skipped":0,"pct":95.07},"functions":{"total":30,"covered":27,"skipped":0,"pct":90},"branches":{"total":85,"covered":78,"skipped":0,"pct":91.76}}
,"/Users/andrew/workspace/ds-algrms/DataStructures/BST/index.js": {"lines":{"total":12,"covered":12,"skipped":0,"pct":100},"functions":{"total":2,"covered":2,"skipped":0,"pct":100},"statements":{"total":12,"covered":12,"skipped":0,"pct":100},"branches":{"total":6,"covered":6,"skipped":0,"pct":100}}
,"/Users/andrew/workspace/ds-algrms/DataStructures/LinkedList/index.js": {"lines":{"total":79,"covered":70,"skipped":0,"pct":88.61},"functions":{"total":13,"covered":10,"skipped":0,"pct":76.92},"statements":{"total":83,"covered":72,"skipped":0,"pct":86.75},"branches":{"total":26,"covered":20,"skipped":0,"pct":76.92}}
,"/Users/andrew/workspace/ds-algrms/DataStructures/Node/index.js": {"lines":{"total":3,"covered":3,"skipped":0,"pct":100},"functions":{"total":1,"covered":1,"skipped":0,"pct":100},"statements":{"total":3,"covered":3,"skipped":0,"pct":100},"branches":{"total":1,"covered":0,"skipped":0,"pct":0}}
,"/Users/andrew/workspace/ds-algrms/challenges/anagrams/index.js": {"lines":{"total":12,"covered":12,"skipped":0,"pct":100},"functions":{"total":1,"covered":1,"skipped":0,"pct":100},"statements":{"total":13,"covered":13,"skipped":0,"pct":100},"branches":{"total":8,"covered":8,"skipped":0,"pct":100}}
,"/Users/andrew/workspace/ds-algrms/challenges/char-count/index.js": {"lines":{"total":6,"covered":6,"skipped":0,"pct":100},"functions":{"total":1,"covered":1,"skipped":0,"pct":100},"statements":{"total":6,"covered":6,"skipped":0,"pct":100},"branches":{"total":2,"covered":2,"skipped":0,"pct":100}}
,"/Users/andrew/workspace/ds-algrms/challenges/closest-bst/index.js": {"lines":{"total":36,"covered":36,"skipped":0,"pct":100},"functions":{"total":4,"covered":4,"skipped":0,"pct":100},"statements":{"total":38,"covered":38,"skipped":0,"pct":100},"branches":{"total":24,"covered":24,"skipped":0,"pct":100}}
,"/Users/andrew/workspace/ds-algrms/challenges/closest-bst/setup.js": {"lines":{"total":3,"covered":3,"skipped":0,"pct":100},"functions":{"total":0,"covered":0,"skipped":0,"pct":100},"statements":{"total":3,"covered":3,"skipped":0,"pct":100},"branches":{"total":0,"covered":0,"skipped":0,"pct":100}}
,"/Users/andrew/workspace/ds-algrms/challenges/depth-first-search/index.js": {"lines":{"total":9,"covered":9,"skipped":0,"pct":100},"functions":{"total":3,"covered":3,"skipped":0,"pct":100},"statements":{"total":9,"covered":9,"skipped":0,"pct":100},"branches":{"total":0,"covered":0,"skipped":0,"pct":100}}
,"/Users/andrew/workspace/ds-algrms/challenges/length-of-longest-substring/index.js": {"lines":{"total":12,"covered":12,"skipped":0,"pct":100},"functions":{"total":1,"covered":1,"skipped":0,"pct":100},"statements":{"total":14,"covered":14,"skipped":0,"pct":100},"branches":{"total":4,"covered":4,"skipped":0,"pct":100}}
,"/Users/andrew/workspace/ds-algrms/challenges/maximum-sum/index.js": {"lines":{"total":20,"covered":20,"skipped":0,"pct":100},"functions":{"total":2,"covered":2,"skipped":0,"pct":100},"statements":{"total":26,"covered":26,"skipped":0,"pct":100},"branches":{"total":6,"covered":6,"skipped":0,"pct":100}}
,"/Users/andrew/workspace/ds-algrms/challenges/unique-values/index.js": {"lines":{"total":13,"covered":13,"skipped":0,"pct":100},"functions":{"total":2,"covered":2,"skipped":0,"pct":100},"statements":{"total":16,"covered":16,"skipped":0,"pct":100},"branches":{"total":8,"covered":8,"skipped":0,"pct":100}}
}
