TN:
SF:/Users/andrew/workspace/ds-algrms/DataStructures/BST/index.js
FN:2,(anonymous_0)
FN:8,(anonymous_1)
FNF:2
FNH:2
FNDA:26,(anonymous_0)
FNDA:89,(anonymous_1)
DA:3,26
DA:4,26
DA:5,26
DA:9,89
DA:10,45
DA:11,10
DA:13,35
DA:16,44
DA:17,15
DA:19,29
DA:22,89
DA:26,1
LF:12
LH:12
BRDA:9,0,0,45
BRDA:9,0,1,44
BRDA:10,1,0,10
BRDA:10,1,1,35
BRDA:16,2,0,15
BRDA:16,2,1,29
BRF:6
BRH:6
end_of_record
TN:
SF:/Users/andrew/workspace/ds-algrms/DataStructures/LinkedList/index.js
FN:4,(anonymous_0)
FN:8,(anonymous_1)
FN:23,(anonymous_2)
FN:41,(anonymous_3)
FN:62,(anonymous_4)
FN:81,(anonymous_5)
FN:83,(anonymous_6)
FN:85,(anonymous_7)
FN:96,(anonymous_8)
FN:100,(anonymous_9)
FN:111,(anonymous_10)
FN:120,(anonymous_11)
FNF:12
FNH:10
FNDA:11,(anonymous_0)
FNDA:27,(anonymous_1)
FNDA:2,(anonymous_2)
FNDA:4,(anonymous_3)
FNDA:5,(anonymous_4)
FNDA:0,(anonymous_5)
FNDA:0,(anonymous_6)
FNDA:23,(anonymous_7)
FNDA:8,(anonymous_8)
FNDA:1,(anonymous_9)
FNDA:2,(anonymous_10)
FNDA:1,(anonymous_11)
DA:1,1
DA:5,11
DA:9,27
DA:10,27
DA:12,27
DA:13,11
DA:14,11
DA:17,16
DA:18,6
DA:20,16
DA:24,2
DA:25,2
DA:26,2
DA:27,2
DA:28,1
DA:29,1
DA:31,1
DA:32,2
DA:33,1
DA:34,1
DA:36,2
DA:37,2
DA:42,4
DA:44,4
DA:45,2
DA:47,2
DA:48,2
DA:49,4
DA:50,1
DA:51,1
DA:53,3
DA:54,3
DA:56,1
DA:57,1
DA:63,5
DA:64,2
DA:66,3
DA:67,1
DA:69,3
DA:70,3
DA:71,3
DA:72,5
DA:73,5
DA:74,5
DA:75,2
DA:77,5
DA:86,23
DA:87,23
DA:88,23
DA:89,13
DA:90,10
DA:91,10
DA:93,13
DA:97,8
DA:101,1
DA:102,1
DA:103,1
DA:104,1
DA:105,3
DA:106,3
DA:108,1
DA:112,2
DA:113,2
DA:114,1
DA:115,3
DA:116,3
DA:121,1
DA:122,1
DA:123,1
DA:125,1
DA:126,2
DA:127,1
DA:129,1
DA:130,1
DA:135,1
LF:75
LH:75
BRDA:12,0,0,11
BRDA:12,0,1,16
BRDA:27,1,0,1
BRDA:27,1,1,1
BRDA:32,2,0,1
BRDA:32,2,1,1
BRDA:44,3,0,2
BRDA:44,3,1,2
BRDA:49,4,0,1
BRDA:49,4,1,3
BRDA:56,5,0,1
BRDA:56,5,1,0
BRDA:63,6,0,2
BRDA:63,6,1,3
BRDA:66,7,0,1
BRDA:66,7,1,2
BRDA:74,8,0,2
BRDA:74,8,1,3
BRDA:88,9,0,10
BRDA:88,9,1,13
BRDA:103,10,0,0
BRDA:103,10,1,1
BRDA:113,11,0,1
BRDA:113,11,1,1
BRDA:123,12,0,0
BRDA:123,12,1,1
BRDA:126,13,0,1
BRDA:126,13,1,1
BRF:28
BRH:25
end_of_record
TN:
SF:/Users/andrew/workspace/ds-algrms/DataStructures/Node/index.js
FN:2,(anonymous_0)
FNF:1
FNH:1
FNDA:29,(anonymous_0)
DA:3,29
DA:4,29
DA:8,1
LF:3
LH:3
BRDA:2,0,0,0
BRF:1
BRH:0
end_of_record
TN:
SF:/Users/andrew/workspace/ds-algrms/challenges/anagrams/index.js
FN:4,isAnagram
FNF:1
FNH:1
FNDA:6,isAnagram
DA:5,6
DA:7,5
DA:8,5
DA:9,5
DA:10,19
DA:12,5
DA:13,19
DA:15,5
DA:16,15
DA:17,1
DA:20,4
DA:23,1
LF:12
LH:12
BRDA:5,0,0,1
BRDA:5,0,1,5
BRDA:10,1,0,19
BRDA:10,1,1,15
BRDA:13,2,0,19
BRDA:13,2,1,15
BRDA:16,3,0,1
BRDA:16,3,1,14
BRF:8
BRH:8
end_of_record
TN:
SF:/Users/andrew/workspace/ds-algrms/challenges/char-count/index.js
FN:1,charCount
FNF:1
FNH:1
FNDA:3,charCount
DA:2,3
DA:3,3
DA:4,3
DA:7,24
DA:15,3
DA:18,1
LF:6
LH:6
BRDA:7,0,0,24
BRDA:7,0,1,19
BRF:2
BRH:2
end_of_record
TN:
SF:/Users/andrew/workspace/ds-algrms/challenges/closest-bst/index.js
FN:3,findClosestValueInBst
FN:21,(anonymous_1)
FN:31,findClosestValueInBstTwo
FN:47,findClosestValueInBstThree
FNF:4
FNH:4
FNDA:235,findClosestValueInBst
FNDA:4360,(anonymous_1)
FNDA:60,findClosestValueInBstTwo
FNDA:9,findClosestValueInBstThree
DA:1,1
DA:4,235
DA:5,235
DA:6,235
DA:7,235
DA:9,232
DA:10,90
DA:11,90
DA:14,232
DA:15,135
DA:16,135
DA:19,232
DA:21,232
DA:22,4360
DA:23,1821
DA:24,1821
DA:28,232
DA:32,60
DA:34,52
DA:35,37
DA:38,52
DA:39,19
DA:40,33
DA:41,30
DA:43,3
DA:48,9
DA:50,9
DA:51,42
DA:52,31
DA:55,42
DA:56,17
DA:57,25
DA:58,22
DA:60,3
DA:64,9
DA:67,1
LF:36
LH:36
BRDA:7,0,0,3
BRDA:7,0,1,232
BRDA:9,1,0,90
BRDA:9,1,1,142
BRDA:14,2,0,135
BRDA:14,2,1,97
BRDA:22,3,0,1821
BRDA:22,3,1,2539
BRDA:31,4,0,11
BRDA:32,5,0,8
BRDA:32,5,1,52
BRDA:34,6,0,37
BRDA:34,6,1,15
BRDA:38,7,0,19
BRDA:38,7,1,33
BRDA:40,8,0,30
BRDA:40,8,1,3
BRDA:47,9,0,9
BRDA:51,10,0,31
BRDA:51,10,1,11
BRDA:55,11,0,17
BRDA:55,11,1,25
BRDA:57,12,0,22
BRDA:57,12,1,3
BRF:24
BRH:24
end_of_record
TN:
SF:/Users/andrew/workspace/ds-algrms/challenges/closest-bst/setup.js
FNF:0
FNH:0
DA:1,1
DA:3,1
DA:30,1
LF:3
LH:3
BRF:0
BRH:0
end_of_record
TN:
SF:/Users/andrew/workspace/ds-algrms/challenges/convert-to-roman-numeral/index.js
FN:1,convertToRoman
FNF:1
FNH:1
FNDA:8,convertToRoman
DA:2,8
DA:4,8
DA:20,8
DA:21,104
DA:22,16
DA:23,16
DA:27,8
DA:30,1
LF:8
LH:8
BRF:0
BRH:0
end_of_record
TN:
SF:/Users/andrew/workspace/ds-algrms/challenges/depth-first-search/index.js
FN:2,(anonymous_0)
FN:7,(anonymous_1)
FN:12,(anonymous_2)
FNF:3
FNH:3
FNDA:52,(anonymous_0)
FNDA:47,(anonymous_1)
FNDA:52,(anonymous_2)
DA:3,52
DA:4,52
DA:8,47
DA:9,47
DA:13,52
DA:14,52
DA:15,47
DA:17,52
DA:22,1
LF:9
LH:9
BRF:0
BRH:0
end_of_record
TN:
SF:/Users/andrew/workspace/ds-algrms/challenges/index-of/index.js
FN:7,strStr
FN:28,slidingStr
FNF:2
FNH:2
FNDA:7,strStr
FNDA:8,slidingStr
DA:8,7
DA:9,6
DA:11,5
DA:12,13
DA:13,6
DA:14,6
DA:15,4
DA:20,1
DA:29,8
DA:30,7
DA:32,6
DA:33,14
DA:34,14
DA:35,7
DA:36,5
DA:38,7
DA:39,5
DA:43,1
DA:46,1
LF:19
LH:19
BRDA:8,0,0,1
BRDA:8,0,1,6
BRDA:9,1,0,1
BRDA:9,1,1,5
BRDA:12,2,0,6
BRDA:12,2,1,7
BRDA:14,3,0,4
BRDA:14,3,1,2
BRDA:29,4,0,1
BRDA:29,4,1,7
BRDA:30,5,0,1
BRDA:30,5,1,6
BRDA:34,6,0,7
BRDA:34,6,1,7
BRDA:35,7,0,5
BRDA:35,7,1,2
BRDA:36,8,0,2
BRDA:36,8,1,3
BRDA:38,9,0,5
BRDA:38,9,1,2
BRF:20
BRH:20
end_of_record
TN:
SF:/Users/andrew/workspace/ds-algrms/challenges/length-of-longest-substring/index.js
FN:1,longestSubstring
FNF:1
FNH:1
FNDA:4,longestSubstring
DA:2,4
DA:3,3
DA:4,3
DA:5,3
DA:6,3
DA:7,18
DA:8,18
DA:9,10
DA:11,18
DA:12,18
DA:14,3
DA:17,1
LF:12
LH:12
BRDA:2,0,0,1
BRDA:2,0,1,3
BRDA:8,1,0,10
BRDA:8,1,1,8
BRF:4
BRH:4
end_of_record
TN:
SF:/Users/andrew/workspace/ds-algrms/challenges/maximum-sum/index.js
FN:4,maximumSumBruteForce
FN:67,maximumSum
FNF:2
FNH:2
FNDA:4,maximumSumBruteForce
FNDA:4,maximumSum
DA:5,4
DA:6,3
DA:55,3
DA:56,14
DA:57,14
DA:58,37
DA:60,14
DA:61,7
DA:64,3
DA:72,4
DA:76,3
DA:77,3
DA:82,3
DA:83,8
DA:87,3
DA:89,3
DA:91,11
DA:93,11
DA:95,3
DA:98,1
LF:20
LH:20
BRDA:5,0,0,1
BRDA:5,0,1,3
BRDA:60,1,0,7
BRDA:60,1,1,7
BRDA:72,2,0,1
BRDA:72,2,1,3
BRF:6
BRH:6
end_of_record
TN:
SF:/Users/andrew/workspace/ds-algrms/challenges/merge-sorted-arrays/index.js
FN:8,merge
FN:12,(anonymous_1)
FNF:2
FNH:2
FNDA:2,merge
FNDA:23,(anonymous_1)
DA:10,2
DA:11,2
DA:12,23
DA:15,1
LF:4
LH:4
BRF:0
BRH:0
end_of_record
TN:
SF:/Users/andrew/workspace/ds-algrms/challenges/merge-sorted-list/index.js
FN:8,ListNode
FN:13,mergeSortedListsIterative
FNF:2
FNH:2
FNDA:2,ListNode
FNDA:2,mergeSortedListsIterative
DA:9,2
DA:10,2
DA:14,2
DA:15,2
DA:17,2
DA:18,9
DA:19,4
DA:20,4
DA:22,5
DA:23,5
DA:26,9
DA:29,2
DA:30,2
DA:32,0
DA:35,2
DA:38,1
LF:16
LH:15
BRDA:17,0,0,11
BRDA:17,0,1,11
BRDA:18,1,0,4
BRDA:18,1,1,5
BRDA:29,2,0,2
BRDA:29,2,1,0
BRF:6
BRH:5
end_of_record
TN:
SF:/Users/andrew/workspace/ds-algrms/challenges/repeated-substring/index.js
FN:21,repeatedSubstringPattern
FNF:1
FNH:1
FNDA:9,repeatedSubstringPattern
DA:22,9
DA:23,8
DA:24,8
DA:25,23
DA:26,23
DA:29,5
DA:31,1
LF:7
LH:7
BRDA:22,0,0,1
BRDA:22,0,1,8
BRDA:26,1,0,3
BRDA:26,1,1,20
BRF:4
BRH:4
end_of_record
TN:
SF:/Users/andrew/workspace/ds-algrms/challenges/unique-values/index.js
FN:3,countUniqueValues
FN:13,countUniqueValuesUsingPointers
FNF:2
FNH:2
FNDA:3,countUniqueValues
FNDA:3,countUniqueValuesUsingPointers
DA:4,3
DA:5,2
DA:6,2
DA:7,13
DA:9,2
DA:14,3
DA:15,2
DA:16,2
DA:17,13
DA:18,5
DA:19,5
DA:22,2
DA:69,1
LF:13
LH:13
BRDA:4,0,0,1
BRDA:4,0,1,2
BRDA:7,1,0,13
BRDA:7,1,1,7
BRDA:14,2,0,1
BRDA:14,2,1,2
BRDA:17,3,0,5
BRDA:17,3,1,8
BRF:8
BRH:8
end_of_record
